# JRE version: OpenJDK Runtime Environment (8.0_152-b06) (build 1.8.0_152-release-1136-b06)
# Java VM: OpenJDK 64-Bit Server VM (25.152-b06 mixed mode windows-amd64 compressed oops)
Heap:
 PSYoungGen      total 34816K, used 17428K [0x00000000e0000000, 0x00000000e3100000, 0x0000000100000000)
  eden space 27648K, 37% used [0x00000000e0000000,0x00000000e0a16148,0x00000000e1b00000)
  from space 7168K, 99% used [0x00000000e1b80000,0x00000000e226f068,0x00000000e2280000)
  to   space 11264K, 0% used [0x00000000e2600000,0x00000000e2600000,0x00000000e3100000)
 ParOldGen       total 52224K, used 16569K [0x00000000a0000000, 0x00000000a3300000, 0x00000000e0000000)
  object space 52224K, 31% used [0x00000000a0000000,0x00000000a102e670,0x00000000a3300000)
 Metaspace       used 40069K, capacity 41038K, committed 41344K, reserved 1085440K
  class space    used 5464K, capacity 5758K, committed 5760K, reserved 1048576K
GC Heap History (10 events):
Event: 81.045 GC heap before
{Heap before GC invocations=11 (full 1):
 PSYoungGen      total 37376K, used 37308K [0x00000000e0000000, 0x00000000e3080000, 0x0000000100000000)
  eden space 30208K, 100% used [0x00000000e0000000,0x00000000e1d80000,0x00000000e1d80000)
  from space 7168K, 99% used [0x00000000e1e00000,0x00000000e24ef200,0x00000000e2500000)
  to   space 9728K, 0% used [0x00000000e2700000,0x00000000e2700000,0x00000000e3080000)
 ParOldGen       total 45056K, used 8148K [0x00000000a0000000, 0x00000000a2c00000, 0x00000000e0000000)
  object space 45056K, 18% used [0x00000000a0000000,0x00000000a07f53f8,0x00000000a2c00000)
 Metaspace       used 34523K, capacity 35282K, committed 35416K, reserved 1079296K
  class space    used 4792K, capacity 5091K, committed 5120K, reserved 1048576K
Event: 81.086 GC heap after
Heap after GC invocations=11 (full 1):
 PSYoungGen      total 38912K, used 9714K [0x00000000e0000000, 0x00000000e3200000, 0x0000000100000000)
  eden space 29184K, 0% used [0x00000000e0000000,0x00000000e0000000,0x00000000e1c80000)
  from space 9728K, 99% used [0x00000000e2700000,0x00000000e307ca18,0x00000000e3080000)
  to   space 10752K, 0% used [0x00000000e1c80000,0x00000000e1c80000,0x00000000e2700000)
 ParOldGen       total 45056K, used 8496K [0x00000000a0000000, 0x00000000a2c00000, 0x00000000e0000000)
  object space 45056K, 18% used [0x00000000a0000000,0x00000000a084c2e8,0x00000000a2c00000)
 Metaspace       used 34523K, capacity 35282K, committed 35416K, reserved 1079296K
  class space    used 4792K, capacity 5091K, committed 5120K, reserved 1048576K
}
Event: 81.086 GC heap before
{Heap before GC invocations=12 (full 2):
 PSYoungGen      total 38912K, used 9714K [0x00000000e0000000, 0x00000000e3200000, 0x0000000100000000)
  eden space 29184K, 0% used [0x00000000e0000000,0x00000000e0000000,0x00000000e1c80000)
  from space 9728K, 99% used [0x00000000e2700000,0x00000000e307ca18,0x00000000e3080000)
  to   space 10752K, 0% used [0x00000000e1c80000,0x00000000e1c80000,0x00000000e2700000)
 ParOldGen       total 45056K, used 8496K [0x00000000a0000000, 0x00000000a2c00000, 0x00000000e0000000)
  object space 45056K, 18% used [0x00000000a0000000,0x00000000a084c2e8,0x00000000a2c00000)
 Metaspace       used 34523K, capacity 35282K, committed 35416K, reserved 1079296K
  class space    used 4792K, capacity 5091K, committed 5120K, reserved 1048576K
Event: 81.245 GC heap after
Heap after GC invocations=12 (full 2):
 PSYoungGen      total 38912K, used 0K [0x00000000e0000000, 0x00000000e3200000, 0x0000000100000000)
  eden space 29184K, 0% used [0x00000000e0000000,0x00000000e0000000,0x00000000e1c80000)
  from space 9728K, 0% used [0x00000000e2700000,0x00000000e2700000,0x00000000e3080000)
  to   space 10752K, 0% used [0x00000000e1c80000,0x00000000e1c80000,0x00000000e2700000)
 ParOldGen       total 52224K, used 16553K [0x00000000a0000000, 0x00000000a3300000, 0x00000000e0000000)
  object space 52224K, 31% used [0x00000000a0000000,0x00000000a102a670,0x00000000a3300000)
 Metaspace       used 34523K, capacity 35282K, committed 35416K, reserved 1079296K
  class space    used 4792K, capacity 5091K, committed 5120K, reserved 1048576K
}
Event: 84.055 GC heap before
{Heap before GC invocations=13 (full 2):
 PSYoungGen      total 38912K, used 29184K [0x00000000e0000000, 0x00000000e3200000, 0x0000000100000000)
  eden space 29184K, 100% used [0x00000000e0000000,0x00000000e1c80000,0x00000000e1c80000)
  from space 9728K, 0% used [0x00000000e2700000,0x00000000e2700000,0x00000000e3080000)
  to   space 10752K, 0% used [0x00000000e1c80000,0x00000000e1c80000,0x00000000e2700000)
 ParOldGen       total 52224K, used 16553K [0x00000000a0000000, 0x00000000a3300000, 0x00000000e0000000)
  object space 52224K, 31% used [0x00000000a0000000,0x00000000a102a670,0x00000000a3300000)
 Metaspace       used 36475K, capacity 37234K, committed 37632K, reserved 1081344K
  class space    used 5017K, capacity 5295K, committed 5376K, reserved 1048576K
Event: 84.085 GC heap after
Heap after GC invocations=13 (full 2):
 PSYoungGen      total 39424K, used 2636K [0x00000000e0000000, 0x00000000e3200000, 0x0000000100000000)
  eden space 28672K, 0% used [0x00000000e0000000,0x00000000e0000000,0x00000000e1c00000)
  from space 10752K, 24% used [0x00000000e1c80000,0x00000000e1f130d8,0x00000000e2700000)
  to   space 11264K, 0% used [0x00000000e2700000,0x00000000e2700000,0x00000000e3200000)
 ParOldGen       total 52224K, used 16553K [0x00000000a0000000, 0x00000000a3300000, 0x00000000e0000000)
  object space 52224K, 31% used [0x00000000a0000000,0x00000000a102a670,0x00000000a3300000)
 Metaspace       used 36475K, capacity 37234K, committed 37632K, reserved 1081344K
  class space    used 5017K, capacity 5295K, committed 5376K, reserved 1048576K
}
Event: 90.323 GC heap before
{Heap before GC invocations=14 (full 2):
 PSYoungGen      total 39424K, used 31308K [0x00000000e0000000, 0x00000000e3200000, 0x0000000100000000)
  eden space 28672K, 100% used [0x00000000e0000000,0x00000000e1c00000,0x00000000e1c00000)
  from space 10752K, 24% used [0x00000000e1c80000,0x00000000e1f130d8,0x00000000e2700000)
  to   space 11264K, 0% used [0x00000000e2700000,0x00000000e2700000,0x00000000e3200000)
 ParOldGen       total 52224K, used 16553K [0x00000000a0000000, 0x00000000a3300000, 0x00000000e0000000)
  object space 52224K, 31% used [0x00000000a0000000,0x00000000a102a670,0x00000000a3300000)
 Metaspace       used 38300K, capacity 39142K, committed 39424K, reserved 1083392K
  class space    used 5242K, capacity 5523K, committed 5632K, reserved 1048576K
Event: 90.332 GC heap after
Heap after GC invocations=14 (full 2):
 PSYoungGen      total 38912K, used 3274K [0x00000000e0000000, 0x00000000e3180000, 0x0000000100000000)
  eden space 28160K, 0% used [0x00000000e0000000,0x00000000e0000000,0x00000000e1b80000)
  from space 10752K, 30% used [0x00000000e2700000,0x00000000e2a32830,0x00000000e3180000)
  to   space 11264K, 0% used [0x00000000e1b80000,0x00000000e1b80000,0x00000000e2680000)
 ParOldGen       total 52224K, used 16561K [0x00000000a0000000, 0x00000000a3300000, 0x00000000e0000000)
  object space 52224K, 31% used [0x00000000a0000000,0x00000000a102c670,0x00000000a3300000)
 Metaspace       used 38300K, capacity 39142K, committed 39424K, reserved 1083392K
  class space    used 5242K, capacity 5523K, committed 5632K, reserved 1048576K
}
Event: 97.312 GC heap before
{Heap before GC invocations=15 (full 2):
 PSYoungGen      total 38912K, used 31434K [0x00000000e0000000, 0x00000000e3180000, 0x0000000100000000)
  eden space 28160K, 100% used [0x00000000e0000000,0x00000000e1b80000,0x00000000e1b80000)
  from space 10752K, 30% used [0x00000000e2700000,0x00000000e2a32830,0x00000000e3180000)
  to   space 11264K, 0% used [0x00000000e1b80000,0x00000000e1b80000,0x00000000e2680000)
 ParOldGen       total 52224K, used 16561K [0x00000000a0000000, 0x00000000a3300000, 0x00000000e0000000)
  object space 52224K, 31% used [0x00000000a0000000,0x00000000a102c670,0x00000000a3300000)
 Metaspace       used 39593K, capacity 40532K, committed 40832K, reserved 1085440K
  class space    used 5375K, capacity 5676K, committed 5760K, reserved 1048576K
Event: 97.322 GC heap after
Heap after GC invocations=15 (full 2):
 PSYoungGen      total 34816K, used 7100K [0x00000000e0000000, 0x00000000e3100000, 0x0000000100000000)
  eden space 27648K, 0% used [0x00000000e0000000,0x00000000e0000000,0x00000000e1b00000)
  from space 7168K, 99% used [0x00000000e1b80000,0x00000000e226f068,0x00000000e2280000)
  to   space 11264K, 0% used [0x00000000e2600000,0x00000000e2600000,0x00000000e3100000)
 ParOldGen       total 52224K, used 16569K [0x00000000a0000000, 0x00000000a3300000, 0x00000000e0000000)
  object space 52224K, 31% used [0x00000000a0000000,0x00000000a102e670,0x00000000a3300000)
 Metaspace       used 39593K, capacity 40532K, committed 40832K, reserved 1085440K
  class space    used 5375K, capacity 5676K, committed 5760K, reserved 1048576K
}

