# JRE version: OpenJDK Runtime Environment (8.0_152-b02) (build 1.8.0_152-release-1024-b02)
# Java VM: OpenJDK 64-Bit Server VM (25.152-b02 mixed mode windows-amd64 compressed oops)
Heap:
 PSYoungGen      total 96256K, used 51451K [0x00000000e0000000, 0x00000000e7180000, 0x0000000100000000)
  eden space 90624K, 56% used [0x00000000e0000000,0x00000000e323eec0,0x00000000e5880000)
  from space 5632K, 0% used [0x00000000e5b80000,0x00000000e5b80000,0x00000000e6100000)
  to   space 12800K, 0% used [0x00000000e6500000,0x00000000e6500000,0x00000000e7180000)
 ParOldGen       total 88064K, used 35509K [0x00000000a0000000, 0x00000000a5600000, 0x00000000e0000000)
  object space 88064K, 40% used [0x00000000a0000000,0x00000000a22ad5c0,0x00000000a5600000)
 Metaspace       used 59078K, capacity 60950K, committed 61056K, reserved 1101824K
  class space    used 7857K, capacity 8306K, committed 8320K, reserved 1048576K
GC Heap History (10 events):
Event: 44.608 GC heap before
{Heap before GC invocations=14 (full 2):
 PSYoungGen      total 84480K, used 81413K [0x00000000e0000000, 0x00000000e7580000, 0x0000000100000000)
  eden space 74240K, 100% used [0x00000000e0000000,0x00000000e4880000,0x00000000e4880000)
  from space 10240K, 70% used [0x00000000e4880000,0x00000000e4f81530,0x00000000e5280000)
  to   space 10240K, 0% used [0x00000000e6b80000,0x00000000e6b80000,0x00000000e7580000)
 ParOldGen       total 63488K, used 14337K [0x00000000a0000000, 0x00000000a3e00000, 0x00000000e0000000)
  object space 63488K, 22% used [0x00000000a0000000,0x00000000a0e00510,0x00000000a3e00000)
 Metaspace       used 46108K, capacity 47116K, committed 47360K, reserved 1089536K
  class space    used 6298K, capacity 6631K, committed 6656K, reserved 1048576K
Event: 44.628 GC heap after
Heap after GC invocations=14 (full 2):
 PSYoungGen      total 81408K, used 8927K [0x00000000e0000000, 0x00000000e7480000, 0x0000000100000000)
  eden space 72192K, 0% used [0x00000000e0000000,0x00000000e0000000,0x00000000e4680000)
  from space 9216K, 96% used [0x00000000e6b80000,0x00000000e7437f50,0x00000000e7480000)
  to   space 11264K, 0% used [0x00000000e5e80000,0x00000000e5e80000,0x00000000e6980000)
 ParOldGen       total 63488K, used 19077K [0x00000000a0000000, 0x00000000a3e00000, 0x00000000e0000000)
  object space 63488K, 30% used [0x00000000a0000000,0x00000000a12a1408,0x00000000a3e00000)
 Metaspace       used 46108K, capacity 47116K, committed 47360K, reserved 1089536K
  class space    used 6298K, capacity 6631K, committed 6656K, reserved 1048576K
}
Event: 46.707 GC heap before
{Heap before GC invocations=15 (full 2):
 PSYoungGen      total 81408K, used 81119K [0x00000000e0000000, 0x00000000e7480000, 0x0000000100000000)
  eden space 72192K, 100% used [0x00000000e0000000,0x00000000e4680000,0x00000000e4680000)
  from space 9216K, 96% used [0x00000000e6b80000,0x00000000e7437f50,0x00000000e7480000)
  to   space 11264K, 0% used [0x00000000e5e80000,0x00000000e5e80000,0x00000000e6980000)
 ParOldGen       total 63488K, used 19077K [0x00000000a0000000, 0x00000000a3e00000, 0x00000000e0000000)
  object space 63488K, 30% used [0x00000000a0000000,0x00000000a12a1408,0x00000000a3e00000)
 Metaspace       used 50830K, capacity 52488K, committed 52736K, reserved 1095680K
  class space    used 6976K, capacity 7387K, committed 7424K, reserved 1048576K
Event: 46.726 GC heap after
Heap after GC invocations=15 (full 2):
 PSYoungGen      total 108032K, used 6804K [0x00000000e0000000, 0x00000000e7480000, 0x0000000100000000)
  eden space 96768K, 0% used [0x00000000e0000000,0x00000000e0000000,0x00000000e5e80000)
  from space 11264K, 60% used [0x00000000e5e80000,0x00000000e65251a8,0x00000000e6980000)
  to   space 10752K, 0% used [0x00000000e6a00000,0x00000000e6a00000,0x00000000e7480000)
 ParOldGen       total 63488K, used 23503K [0x00000000a0000000, 0x00000000a3e00000, 0x00000000e0000000)
  object space 63488K, 37% used [0x00000000a0000000,0x00000000a16f3c70,0x00000000a3e00000)
 Metaspace       used 50830K, capacity 52488K, committed 52736K, reserved 1095680K
  class space    used 6976K, capacity 7387K, committed 7424K, reserved 1048576K
}
Event: 402.875 GC heap before
{Heap before GC invocations=16 (full 2):
 PSYoungGen      total 108032K, used 103572K [0x00000000e0000000, 0x00000000e7480000, 0x0000000100000000)
  eden space 96768K, 100% used [0x00000000e0000000,0x00000000e5e80000,0x00000000e5e80000)
  from space 11264K, 60% used [0x00000000e5e80000,0x00000000e65251a8,0x00000000e6980000)
  to   space 10752K, 0% used [0x00000000e6a00000,0x00000000e6a00000,0x00000000e7480000)
 ParOldGen       total 63488K, used 23503K [0x00000000a0000000, 0x00000000a3e00000, 0x00000000e0000000)
  object space 63488K, 37% used [0x00000000a0000000,0x00000000a16f3c70,0x00000000a3e00000)
 Metaspace       used 55933K, capacity 57730K, committed 57984K, reserved 1099776K
  class space    used 7520K, capacity 7954K, committed 8064K, reserved 1048576K
Event: 402.895 GC heap after
Heap after GC invocations=16 (full 2):
 PSYoungGen      total 104448K, used 10722K [0x00000000e0000000, 0x00000000e7580000, 0x0000000100000000)
  eden space 93696K, 0% used [0x00000000e0000000,0x00000000e0000000,0x00000000e5b80000)
  from space 10752K, 99% used [0x00000000e6a00000,0x00000000e7478ba8,0x00000000e7480000)
  to   space 13312K, 0% used [0x00000000e5b80000,0x00000000e5b80000,0x00000000e6880000)
 ParOldGen       total 63488K, used 26952K [0x00000000a0000000, 0x00000000a3e00000, 0x00000000e0000000)
  object space 63488K, 42% used [0x00000000a0000000,0x00000000a1a52090,0x00000000a3e00000)
 Metaspace       used 55933K, capacity 57730K, committed 57984K, reserved 1099776K
  class space    used 7520K, capacity 7954K, committed 8064K, reserved 1048576K
}
Event: 404.548 GC heap before
{Heap before GC invocations=17 (full 2):
 PSYoungGen      total 104448K, used 30154K [0x00000000e0000000, 0x00000000e7580000, 0x0000000100000000)
  eden space 93696K, 20% used [0x00000000e0000000,0x00000000e12fa040,0x00000000e5b80000)
  from space 10752K, 99% used [0x00000000e6a00000,0x00000000e7478ba8,0x00000000e7480000)
  to   space 13312K, 0% used [0x00000000e5b80000,0x00000000e5b80000,0x00000000e6880000)
 ParOldGen       total 63488K, used 26952K [0x00000000a0000000, 0x00000000a3e00000, 0x00000000e0000000)
  object space 63488K, 42% used [0x00000000a0000000,0x00000000a1a52090,0x00000000a3e00000)
 Metaspace       used 57062K, capacity 58896K, committed 59028K, reserved 1099776K
  class space    used 7635K, capacity 8085K, committed 8192K, reserved 1048576K
Event: 404.564 GC heap after
Heap after GC invocations=17 (full 2):
 PSYoungGen      total 96256K, used 5412K [0x00000000e0000000, 0x00000000e7180000, 0x0000000100000000)
  eden space 90624K, 0% used [0x00000000e0000000,0x00000000e0000000,0x00000000e5880000)
  from space 5632K, 96% used [0x00000000e5b80000,0x00000000e60c9160,0x00000000e6100000)
  to   space 12800K, 0% used [0x00000000e6500000,0x00000000e6500000,0x00000000e7180000)
 ParOldGen       total 63488K, used 34745K [0x00000000a0000000, 0x00000000a3e00000, 0x00000000e0000000)
  object space 63488K, 54% used [0x00000000a0000000,0x00000000a21ee498,0x00000000a3e00000)
 Metaspace       used 57062K, capacity 58896K, committed 59028K, reserved 1099776K
  class space    used 7635K, capacity 8085K, committed 8192K, reserved 1048576K
}
Event: 404.564 GC heap before
{Heap before GC invocations=18 (full 3):
 PSYoungGen      total 96256K, used 5412K [0x00000000e0000000, 0x00000000e7180000, 0x0000000100000000)
  eden space 90624K, 0% used [0x00000000e0000000,0x00000000e0000000,0x00000000e5880000)
  from space 5632K, 96% used [0x00000000e5b80000,0x00000000e60c9160,0x00000000e6100000)
  to   space 12800K, 0% used [0x00000000e6500000,0x00000000e6500000,0x00000000e7180000)
 ParOldGen       total 63488K, used 34745K [0x00000000a0000000, 0x00000000a3e00000, 0x00000000e0000000)
  object space 63488K, 54% used [0x00000000a0000000,0x00000000a21ee498,0x00000000a3e00000)
 Metaspace       used 57062K, capacity 58896K, committed 59028K, reserved 1099776K
  class space    used 7635K, capacity 8085K, committed 8192K, reserved 1048576K
Event: 404.893 GC heap after
Heap after GC invocations=18 (full 3):
 PSYoungGen      total 96256K, used 0K [0x00000000e0000000, 0x00000000e7180000, 0x0000000100000000)
  eden space 90624K, 0% used [0x00000000e0000000,0x00000000e0000000,0x00000000e5880000)
  from space 5632K, 0% used [0x00000000e5b80000,0x00000000e5b80000,0x00000000e6100000)
  to   space 12800K, 0% used [0x00000000e6500000,0x00000000e6500000,0x00000000e7180000)
 ParOldGen       total 88064K, used 35509K [0x00000000a0000000, 0x00000000a5600000, 0x00000000e0000000)
  object space 88064K, 40% used [0x00000000a0000000,0x00000000a22ad5c0,0x00000000a5600000)
 Metaspace       used 57062K, capacity 58896K, committed 59028K, reserved 1099776K
  class space    used 7635K, capacity 8085K, committed 8192K, reserved 1048576K
}

